#
# There is insufficient memory for the Java Runtime Environment to continue.
# Native memory allocation (malloc) failed to allocate 65552 bytes for Chunk::new
# Possible reasons:
#   The system is out of physical RAM or swap space
#   In 32 bit mode, the process size limit was hit
# Possible solutions:
#   Reduce memory load on the system
#   Increase physical memory or swap space
#   Check if swap backing store is full
#   Use 64 bit Java on a 64 bit OS
#   Decrease Java heap size (-Xmx/-Xms)
#   Decrease number of Java threads
#   Decrease Java thread stack sizes (-Xss)
#   Set larger code cache with -XX:ReservedCodeCacheSize=
# This output file may be truncated or incomplete.
#
#  Out of Memory Error (allocation.cpp:390), pid=7292, tid=5112
#
# JRE version: Java(TM) SE Runtime Environment (8.0_51-b16) (build 1.8.0_51-b16)
# Java VM: Java HotSpot(TM) 64-Bit Server VM (25.51-b03 mixed mode windows-amd64 compressed oops)
# Failed to write core dump. Minidumps are not enabled by default on client versions of Windows
#

---------------  T H R E A D  ---------------

Current thread (0x0000000015212800):  JavaThread "C2 CompilerThread1" daemon [_thread_in_native, id=5112, stack(0x0000000016860000,0x0000000016960000)]

Stack: [0x0000000016860000,0x0000000016960000]
Native frames: (J=compiled Java code, j=interpreted, Vv=VM code, C=native code)
V  [jvm.dll+0x32b4ca]


Current CompileTask:
C2:   5449 1157       4       com.android.dx.ssa.SsaMethod::forEachInsn (36 bytes)


---------------  P R O C E S S  ---------------

Java Threads: ( => current thread )
  0x0000000016a89000 JavaThread "Service Thread" daemon [_thread_blocked, id=6056, stack(0x0000000016e60000,0x0000000016f60000)]
  0x0000000015246000 JavaThread "C1 CompilerThread2" daemon [_thread_blocked, id=7768, stack(0x0000000016960000,0x0000000016a60000)]
=>0x0000000015212800 JavaThread "C2 CompilerThread1" daemon [_thread_in_native, id=5112, stack(0x0000000016860000,0x0000000016960000)]
  0x000000001520f000 JavaThread "C2 CompilerThread0" daemon [_thread_blocked, id=5144, stack(0x0000000016760000,0x0000000016860000)]
  0x000000001520b800 JavaThread "Attach Listener" daemon [_thread_blocked, id=4688, stack(0x0000000016660000,0x0000000016760000)]
  0x000000001520a000 JavaThread "Signal Dispatcher" daemon [_thread_blocked, id=5980, stack(0x0000000016560000,0x0000000016660000)]
  0x0000000002b31000 JavaThread "Finalizer" daemon [_thread_blocked, id=8312, stack(0x0000000016460000,0x0000000016560000)]
  0x0000000002b2e800 JavaThread "Reference Handler" daemon [_thread_blocked, id=5564, stack(0x0000000016360000,0x0000000016460000)]
  0x0000000000e1d800 JavaThread "main" [_thread_in_Java, id=6776, stack(0x0000000002940000,0x0000000002a40000)]

Other Threads:
  0x00000000151d7800 VMThread [stack: 0x0000000016260000,0x0000000016360000] [id=412]
  0x000000001526d000 WatcherThread [stack: 0x0000000016f60000,0x0000000017060000] [id=7848]

VM state:not at safepoint (normal execution)

VM Mutex/Monitor currently owned by a thread: None

Heap:
 PSYoungGen      total 38400K, used 19340K [0x00000000eab00000, 0x00000000ed580000, 0x0000000100000000)
  eden space 33280K, 58% used [0x00000000eab00000,0x00000000ebde3008,0x00000000ecb80000)
  from space 5120K, 0% used [0x00000000ed080000,0x00000000ed080000,0x00000000ed580000)
  to   space 5120K, 0% used [0x00000000ecb80000,0x00000000ecb80000,0x00000000ed080000)
 ParOldGen       total 87552K, used 0K [0x00000000c0000000, 0x00000000c5580000, 0x00000000eab00000)
  object space 87552K, 0% used [0x00000000c0000000,0x00000000c0000000,0x00000000c5580000)
 Metaspace       used 5606K, capacity 6832K, committed 7040K, reserved 1056768K
  class space    used 551K, capacity 616K, committed 640K, reserved 1048576K

Card table byte_map: [0x0000000011f00000,0x0000000012110000] byte_map_base: 0x0000000011900000

Marking Bits: (ParMarkBitMap*) 0x0000000067964040
 Begin Bits: [0x0000000012670000, 0x0000000013670000)
 End Bits:   [0x0000000013670000, 0x0000000014670000)

Polling page: 0x00000000009d0000

CodeCache: size=245760Kb used=4821Kb max_used=4824Kb free=240938Kb
 bounds [0x0000000002b40000, 0x0000000003000000, 0x0000000011b40000]
 total_blobs=1437 nmethods=1172 adapters=178
 compilation: enabled

Compilation events (10 events):
Event: 5.437 Thread 0x0000000015246000 nmethod 1164 0x0000000002fee650 code [0x0000000002fee820, 0x0000000002feeff8]
Event: 5.438 Thread 0x0000000015246000 1165       3       com.android.dx.ssa.SsaMethod::makeExitBlock (134 bytes)
Event: 5.439 Thread 0x0000000015246000 nmethod 1165 0x0000000002fef3d0 code [0x0000000002fef660, 0x0000000002ff0668]
Event: 5.439 Thread 0x0000000015246000 1166       3       com.android.dx.ssa.DeadCodeRemover$NoSideEffectVisitor::visitPhiInsn (22 bytes)
Event: 5.440 Thread 0x0000000015246000 nmethod 1166 0x0000000002ff0f90 code [0x0000000002ff1140, 0x0000000002ff18a8]
Event: 5.440 Thread 0x0000000015246000 1167       3       com.android.dx.ssa.back.SsaToRop::removePhiFunctions (83 bytes)
Event: 5.442 Thread 0x0000000015246000 nmethod 1167 0x0000000002ff1b90 code [0x0000000002ff1e60, 0x0000000002ff31e8]
Event: 5.442 Thread 0x0000000015246000 1168       3       com.android.dx.ssa.SsaMethod::getCountReachableBlocks (44 bytes)
Event: 5.443 Thread 0x0000000015246000 nmethod 1168 0x0000000002ff3cd0 code [0x0000000002ff3ea0, 0x0000000002ff4758]
Event: 5.443 Thread 0x0000000015246000 1169       3       com.android.dx.ssa.back.SsaToRop::convertBasicBlocks (151 bytes)

GC Heap History (0 events):
No events

Deoptimization events (6 events):
Event: 4.504 Thread 0x0000000000e1d800 Uncommon trap: reason=unstable_if action=reinterpret pc=0x0000000002d60c3c method=java.util.HashMap.getNode(ILjava/lang/Object;)Ljava/util/HashMap$Node; @ 62
Event: 4.510 Thread 0x0000000000e1d800 Uncommon trap: reason=unstable_if action=reinterpret pc=0x0000000002d88948 method=java.util.HashMap.getNode(ILjava/lang/Object;)Ljava/util/HashMap$Node; @ 62
Event: 4.561 Thread 0x0000000000e1d800 Uncommon trap: reason=unstable_if action=reinterpret pc=0x0000000002d842b0 method=java.util.BitSet.nextSetBit(I)I @ 87
Event: 5.051 Thread 0x0000000000e1d800 Uncommon trap: reason=unstable_if action=reinterpret pc=0x0000000002df3934 method=java.util.BitSet.ensureCapacity(I)V @ 6
Event: 5.263 Thread 0x0000000000e1d800 Uncommon trap: reason=unstable_if action=reinterpret pc=0x0000000002eefbb4 method=com.android.dx.rop.code.LocalItem.hashCode()I @ 25
Event: 5.263 Thread 0x0000000000e1d800 Uncommon trap: reason=unstable_if action=reinterpret pc=0x0000000002eb06cc method=com.android.dx.rop.code.LocalItem.hashCode()I @ 25

Internal exceptions (2 events):
Event: 0.061 Thread 0x0000000000e1d800 Exception <a 'java/lang/NoSuchMethodError': Method sun.misc.Unsafe.defineClass(Ljava/lang/String;[BII)Ljava/lang/Class; name or signature does not match> (0x00000000eab12f30) thrown at [C:\re\workspace\8-2-build-windows-amd64-cygwin\jdk8u51\3951\hotspot\srAºƒñÅØ?
Event: 0.062 Thread 0x0000000000e1d800 Exception <a 'java/lang/NoSuchMethodError': Method sun.misc.Unsafe.prefetchRead(Ljava/lang/Object;J)V name or signature does not match> (0x00000000eab131c0) thrown at [C:\re\workspace\8-2-build-windows-amd64-cygwin\jdk8u51\3951\hotspot\src\share\vm\prims\j

Events (10 events):
Event: 5.263 Thread 0x0000000000e1d800 DEOPT UNPACKING pc=0x0000000002b8582a sp=0x0000000002a3ea98 mode 2
Event: 5.263 Thread 0x0000000000e1d800 Uncommon trap: trap_request=0xffffff65 fr.pc=0x0000000002eb06cc
Event: 5.263 Thread 0x0000000000e1d800 DEOPT PACKING pc=0x0000000002eb06cc sp=0x0000000002a3ebc0
Event: 5.263 Thread 0x0000000000e1d800 DEOPT UNPACKING pc=0x0000000002b8582a sp=0x0000000002a3eb10 mode 2
Event: 5.265 loading class com/android/dx/dex/file/MethodAnnotationStruct
Event: 5.265 loading class com/android/dx/dex/file/MethodAnnotationStruct done
Event: 5.422 loading class com/android/dx/dex/file/FieldAnnotationStruct
Event: 5.422 loading class com/android/dx/dex/file/FieldAnnotationStruct done
Event: 5.443 loading class java/util/DualPivotQuicksort
Event: 5.443 loading class java/util/DualPivotQuicksort done


Dynamic libraries:
0x00007ff7031f0000 - 0x00007ff703227000 	C:\Program Files\Java\jdk1.8.0_51\bin\java.exe
0x00007ffa40860000 - 0x00007ffa40a21000 	C:\WINDOWS\SYSTEM32\ntdll.dll
0x00007ffa3fd90000 - 0x00007ffa3fe3d000 	C:\WINDOWS\system32\KERNEL32.DLL
0x00007ffa3d720000 - 0x00007ffa3d908000 	C:\WINDOWS\system32\KERNELBASE.dll
0x00007ffa3e110000 - 0x00007ffa3e1b7000 	C:\WINDOWS\system32\ADVAPI32.dll
0x00007ffa406f0000 - 0x00007ffa4078d000 	C:\WINDOWS\system32\msvcrt.dll
0x00007ffa40180000 - 0x00007ffa401db000 	C:\WINDOWS\system32\sechost.dll
0x00007ffa3e1c0000 - 0x00007ffa3e2dc000 	C:\WINDOWS\system32\RPCRT4.dll
0x00007ffa40240000 - 0x00007ffa40396000 	C:\WINDOWS\system32\USER32.dll
0x00007ffa3fff0000 - 0x00007ffa40176000 	C:\WINDOWS\system32\GDI32.dll
0x00007ffa308c0000 - 0x00007ffa30b34000 	C:\WINDOWS\WinSxS\amd64_microsoft.windows.common-controls_6595b64144ccf1df_6.0.10586.0_none_8c15ae12515e1c22\COMCTL32.dll
0x00007ffa3faa0000 - 0x00007ffa3fd1d000 	C:\WINDOWS\system32\combase.dll
0x00007ffa3cfa0000 - 0x00007ffa3d00a000 	C:\WINDOWS\system32\bcryptPrimitives.dll
0x00007ffa3ffa0000 - 0x00007ffa3ffdb000 	C:\WINDOWS\system32\IMM32.DLL
0x00000000679f0000 - 0x0000000067ac2000 	C:\Program Files\Java\jdk1.8.0_51\jre\bin\msvcr100.dll
0x0000000067160000 - 0x00000000679e3000 	C:\Program Files\Java\jdk1.8.0_51\jre\bin\server\jvm.dll
0x00007ffa3ffe0000 - 0x00007ffa3ffe8000 	C:\WINDOWS\system32\PSAPI.DLL
0x00007ffa2f090000 - 0x00007ffa2f099000 	C:\WINDOWS\SYSTEM32\WSOCK32.dll
0x00007ffa407f0000 - 0x00007ffa4085b000 	C:\WINDOWS\system32\WS2_32.dll
0x00007ffa30030000 - 0x00007ffa3003a000 	C:\WINDOWS\SYSTEM32\VERSION.dll
0x00007ffa3b4d0000 - 0x00007ffa3b4f3000 	C:\WINDOWS\SYSTEM32\WINMM.dll
0x00007ffa3b440000 - 0x00007ffa3b46c000 	C:\WINDOWS\SYSTEM32\WINMMBASE.dll
0x00007ffa3da20000 - 0x00007ffa3da63000 	C:\WINDOWS\system32\cfgmgr32.dll
0x0000000067150000 - 0x000000006715f000 	C:\Program Files\Java\jdk1.8.0_51\jre\bin\verify.dll
0x0000000067120000 - 0x0000000067149000 	C:\Program Files\Java\jdk1.8.0_51\jre\bin\java.dll
0x0000000067100000 - 0x0000000067116000 	C:\Program Files\Java\jdk1.8.0_51\jre\bin\zip.dll
0x00007ffa3e2e0000 - 0x00007ffa3f83c000 	C:\WINDOWS\system32\SHELL32.dll
0x00007ffa3d0d0000 - 0x00007ffa3d714000 	C:\WINDOWS\system32\windows.storage.dll
0x00007ffa3e0b0000 - 0x00007ffa3e102000 	C:\WINDOWS\system32\shlwapi.dll
0x00007ffa3cea0000 - 0x00007ffa3ceaf000 	C:\WINDOWS\system32\kernel.appcore.dll
0x00007ffa3d010000 - 0x00007ffa3d0c5000 	C:\WINDOWS\system32\shcore.dll
0x00007ffa3cec0000 - 0x00007ffa3cf0b000 	C:\WINDOWS\system32\powrprof.dll
0x00007ffa3ce80000 - 0x00007ffa3ce94000 	C:\WINDOWS\system32\profapi.dll

VM Arguments:
jvm_args: -Djava.awt.headless=true -Xmx1024M -Dfile.encoding=windows-1251 -Duser.country=RU -Duser.language=ru -Duser.variant 
java_command: com.android.dx.command.Main --dex --force-jumbo --multi-dex --output D:\Android_Projects\Sunshine-Version-2-1.01_hello_world\app\build\intermediates\transforms\dex\debug\folders\1000\10\internal_impl-21.0.2_c814ed75139c95594f94ce4a228a55bd1389e4f2 D:\Android_Projects\Sunshine-Version-2-1.01_hello_world\app\build\intermediates\exploded-aar\com.android.support\support-v4\21.0.2\jars\libs\internal_impl-21.0.2.jar
java_class_path (initial): C:\Users\Wald\AppData\Local\Android\sdk\build-tools\21.1.2\lib\dx.jar
Launcher Type: SUN_STANDARD

Environment Variables:
JAVA_HOME=C:\NVPACK\jdk1.7.0_71
PATH=C:\ProgramData\Oracle\Java\javapath;C:\WINDOWS\system32;C:\WINDOWS;C:\WINDOWS\System32\Wbem;C:\WINDOWS\System32\WindowsPowerShell\v1.0\;C:\Program Files (x86)\ATI Technologies\ATI.ACE\Core-Static;C:\Program Files (x86)\AMD\ATI.ACE\Core-Static;C:\Program Files\Java\jdk1.8.0_51;C:\adb;C:\Program Files (x86)\Skype\Phone\;C:\WINDOWS\system32;C:\WINDOWS;C:\WINDOWS\System32\Wbem;C:\WINDOWS\System32\WindowsPowerShell\v1.0\;C:\Users\Wald\AppData\Local\Android\sdk\platform-tools;C:\Users\Wald\AppData\Local\Android\sdk\platform;C:\Users\Wald\AppData\Local\Android\sdk1\platform-tools;C:\Users\Wald\AppData\Local\Android\sdk1\platform;C:\Users\Wald\AppData\Local\Android\sdk;C:\Program Files (x86)\GtkSharp\2.12\bin;C:\NVPACK\gradle-2.2.1\bin;C:\NVPACK\apache-ant-1.8.2\bin;C:\NVPACK\jdk1.7.0_71\bin;C:\NVPACK\android-ndk-r11c;C:\NVPACK\android-sdk-windows\build-tools;C:\NVPACK\android-sdk-windows\platform-tools;C:\NVPACK\android-sdk-windows\tools;C:\NVPACK\android-sdk-windows\extras\android\support;C:\Program Files\Java\jdk1.8.0_51
USERNAME=Wald
OS=Windows_NT
PROCESSOR_IDENTIFIER=Intel64 Family 6 Model 69 Stepping 1, GenuineIntel



---------------  S Y S T E M  ---------------

OS: Windows 10.0 , 64 bit Build 10586 (10.0.10586.0)

CPU:total 4 (2 cores per cpu, 2 threads per core) family 6 model 69 stepping 1, cmov, cx8, fxsr, mmx, sse, sse2, sse3, ssse3, sse4.1, sse4.2, popcnt, avx, avx2, aes, clmul, erms, lzcnt, ht, tsc, tscinvbit, bmi1, bmi2

Memory: 4k page, physical 8274284k(1166872k free), swap 8274284k(5160k free)

vm_info: Java HotSpot(TM) 64-Bit Server VM (25.51-b03) for windows-amd64 JRE (1.8.0_51-b16), built on Jun  8 2015 18:03:07 by "java_re" with MS VC++ 10.0 (VS2010)

time: Fri Nov 04 15:32:53 2016
elapsed time: 5 seconds (0d 0h 0m 5s)

