#
# There is insufficient memory for the Java Runtime Environment to continue.
# Native memory allocation (malloc) failed to allocate 1835136 bytes for Chunk::new
# Possible reasons:
#   The system is out of physical RAM or swap space
#   In 32 bit mode, the process size limit was hit
# Possible solutions:
#   Reduce memory load on the system
#   Increase physical memory or swap space
#   Check if swap backing store is full
#   Use 64 bit Java on a 64 bit OS
#   Decrease Java heap size (-Xmx/-Xms)
#   Decrease number of Java threads
#   Decrease Java thread stack sizes (-Xss)
#   Set larger code cache with -XX:ReservedCodeCacheSize=
# This output file may be truncated or incomplete.
#
#  Out of Memory Error (allocation.cpp:390), pid=5516, tid=8188
#
# JRE version: Java(TM) SE Runtime Environment (8.0_51-b16) (build 1.8.0_51-b16)
# Java VM: Java HotSpot(TM) 64-Bit Server VM (25.51-b03 mixed mode windows-amd64 compressed oops)
# Failed to write core dump. Minidumps are not enabled by default on client versions of Windows
#

---------------  T H R E A D  ---------------

Current thread (0x0000000015074800):  JavaThread "C2 CompilerThread1" daemon [_thread_in_native, id=8188, stack(0x00000000166f0000,0x00000000167f0000)]

Stack: [0x00000000166f0000,0x00000000167f0000]
Native frames: (J=compiled Java code, j=interpreted, Vv=VM code, C=native code)
V  [jvm.dll+0x32b4ca]
V  [jvm.dll+0x2797e3]
V  [jvm.dll+0x27a479]
V  [jvm.dll+0x271765]
V  [jvm.dll+0xcba02]
V  [jvm.dll+0xcbecc]
V  [jvm.dll+0x476f72]
V  [jvm.dll+0x4b95ff]
V  [jvm.dll+0x46c011]
V  [jvm.dll+0x46cd4e]
V  [jvm.dll+0x4501a2]
V  [jvm.dll+0xa43a2]
V  [jvm.dll+0xa4cdf]
V  [jvm.dll+0x2418a4]
V  [jvm.dll+0x29846a]
C  [msvcr100.dll+0x21d9f]
C  [msvcr100.dll+0x21e3b]
C  [KERNEL32.DLL+0x18102]
C  [ntdll.dll+0x5c5b4]


Current CompileTask:
C2:   5591 1551   !   4       com.android.dx.cf.code.BytecodeArray::parseInstruction (2764 bytes)


---------------  P R O C E S S  ---------------

Java Threads: ( => current thread )
  0x00000000168ff800 JavaThread "Service Thread" daemon [_thread_blocked, id=11252, stack(0x0000000016cf0000,0x0000000016df0000)]
  0x00000000150cd000 JavaThread "C1 CompilerThread2" daemon [_thread_blocked, id=9492, stack(0x00000000167f0000,0x00000000168f0000)]
=>0x0000000015074800 JavaThread "C2 CompilerThread1" daemon [_thread_in_native, id=8188, stack(0x00000000166f0000,0x00000000167f0000)]
  0x0000000015071000 JavaThread "C2 CompilerThread0" daemon [_thread_in_native, id=4852, stack(0x00000000165f0000,0x00000000166f0000)]
  0x000000001506d800 JavaThread "Attach Listener" daemon [_thread_blocked, id=8936, stack(0x00000000164f0000,0x00000000165f0000)]
  0x000000001506c000 JavaThread "Signal Dispatcher" daemon [_thread_blocked, id=6964, stack(0x00000000163f0000,0x00000000164f0000)]
  0x0000000002996800 JavaThread "Finalizer" daemon [_thread_blocked, id=7020, stack(0x00000000162f0000,0x00000000163f0000)]
  0x000000000298e800 JavaThread "Reference Handler" daemon [_thread_blocked, id=10208, stack(0x00000000161f0000,0x00000000162f0000)]
  0x000000000289d800 JavaThread "main" [_thread_in_Java, id=9036, stack(0x00000000026b0000,0x00000000027b0000)]

Other Threads:
  0x0000000015037800 VMThread [stack: 0x00000000160f0000,0x00000000161f0000] [id=6264]
  0x00000000168f4800 WatcherThread [stack: 0x0000000016df0000,0x0000000016ef0000] [id=1064]

VM state:not at safepoint (normal execution)

VM Mutex/Monitor currently owned by a thread: None

Heap:
 PSYoungGen      total 71680K, used 11951K [0x00000000eab00000, 0x00000000ef600000, 0x0000000100000000)
  eden space 66560K, 10% used [0x00000000eab00000,0x00000000eb1ae198,0x00000000eec00000)
  from space 5120K, 99% used [0x00000000ef100000,0x00000000ef5fdb50,0x00000000ef600000)
  to   space 5120K, 0% used [0x00000000eec00000,0x00000000eec00000,0x00000000ef100000)
 ParOldGen       total 87552K, used 13853K [0x00000000c0000000, 0x00000000c5580000, 0x00000000eab00000)
  object space 87552K, 15% used [0x00000000c0000000,0x00000000c0d877a0,0x00000000c5580000)
 Metaspace       used 5975K, capacity 7216K, committed 7296K, reserved 1056768K
  class space    used 572K, capacity 616K, committed 640K, reserved 1048576K

Card table byte_map: [0x0000000011d60000,0x0000000011f70000] byte_map_base: 0x0000000011760000

Marking Bits: (ParMarkBitMap*) 0x0000000067964040
 Begin Bits: [0x00000000124d0000, 0x00000000134d0000)
 End Bits:   [0x00000000134d0000, 0x00000000144d0000)

Polling page: 0x0000000000a60000

CodeCache: size=245760Kb used=8042Kb max_used=8042Kb free=237717Kb
 bounds [0x00000000029a0000, 0x0000000003190000, 0x00000000119a0000]
 total_blobs=2110 nmethods=1845 adapters=178
 compilation: enabled

Compilation events (10 events):
Event: 4.905 Thread 0x00000000150cd000 nmethod 1599 0x000000000309ce90 code [0x000000000309d0a0, 0x000000000309dcc8]
Event: 4.905 Thread 0x00000000150cd000 1600       3       com.android.dx.rop.code.Rops::opNewArray (124 bytes)
Event: 4.906 Thread 0x00000000150cd000 nmethod 1600 0x00000000030a0090 code [0x00000000030a02e0, 0x00000000030a1148]
Event: 4.906 Thread 0x0000000015071000 nmethod 1597 0x000000000309b410 code [0x000000000309b560, 0x000000000309b6d8]
Event: 4.906 Thread 0x0000000015071000 1598       4       com.android.dx.cf.code.BytecodeArray$ConstantParserVisitor::visitConstant (18 bytes)
Event: 4.906 Thread 0x0000000015071000 nmethod 1598 0x0000000003036c90 code [0x0000000003036dc0, 0x0000000003036e38]
Event: 4.906 Thread 0x0000000015071000 1601       4       com.android.dx.rop.code.PlainCstInsn::accept (8 bytes)
Event: 4.906 Thread 0x0000000015071000 nmethod 1601 0x000000000303b390 code [0x000000000303b4c0, 0x000000000303b538]
Event: 4.908 Thread 0x0000000015071000 1602       4       com.android.dx.dex.code.RopTranslator$TranslationVisitor::addOutput (9 bytes)
Event: 4.908 Thread 0x00000000150cd000 1603       3       com.android.dx.dex.cf.AttributeTranslator::getExceptions (32 bytes)

GC Heap History (6 events):
Event: 2.801 GC heap before
{Heap before GC invocations=1 (full 0):
 PSYoungGen      total 38400K, used 33280K [0x00000000eab00000, 0x00000000ed580000, 0x0000000100000000)
  eden space 33280K, 100% used [0x00000000eab00000,0x00000000ecb80000,0x00000000ecb80000)
  from space 5120K, 0% used [0x00000000ed080000,0x00000000ed080000,0x00000000ed580000)
  to   space 5120K, 0% used [0x00000000ecb80000,0x00000000ecb80000,0x00000000ed080000)
 ParOldGen       total 87552K, used 0K [0x00000000c0000000, 0x00000000c5580000, 0x00000000eab00000)
  object space 87552K, 0% used [0x00000000c0000000,0x00000000c0000000,0x00000000c5580000)
 Metaspace       used 5552K, capacity 6832K, committed 7040K, reserved 1056768K
  class space    used 551K, capacity 616K, committed 640K, reserved 1048576K
Event: 2.825 GC heap after
Heap after GC invocations=1 (full 0):
 PSYoungGen      total 38400K, used 5088K [0x00000000eab00000, 0x00000000ed580000, 0x0000000100000000)
  eden space 33280K, 0% used [0x00000000eab00000,0x00000000eab00000,0x00000000ecb80000)
  from space 5120K, 99% used [0x00000000ecb80000,0x00000000ed078318,0x00000000ed080000)
  to   space 5120K, 0% used [0x00000000ed080000,0x00000000ed080000,0x00000000ed580000)
 ParOldGen       total 87552K, used 1847K [0x00000000c0000000, 0x00000000c5580000, 0x00000000eab00000)
  object space 87552K, 2% used [0x00000000c0000000,0x00000000c01cdea0,0x00000000c5580000)
 Metaspace       used 5552K, capacity 6832K, committed 7040K, reserved 1056768K
  class space    used 551K, capacity 616K, committed 640K, reserved 1048576K
}
Event: 4.544 GC heap before
{Heap before GC invocations=2 (full 0):
 PSYoungGen      total 38400K, used 38368K [0x00000000eab00000, 0x00000000ed580000, 0x0000000100000000)
  eden space 33280K, 100% used [0x00000000eab00000,0x00000000ecb80000,0x00000000ecb80000)
  from space 5120K, 99% used [0x00000000ecb80000,0x00000000ed078318,0x00000000ed080000)
  to   space 5120K, 0% used [0x00000000ed080000,0x00000000ed080000,0x00000000ed580000)
 ParOldGen       total 87552K, used 1847K [0x00000000c0000000, 0x00000000c5580000, 0x00000000eab00000)
  object space 87552K, 2% used [0x00000000c0000000,0x00000000c01cdea0,0x00000000c5580000)
 Metaspace       used 5671K, capacity 6960K, committed 7040K, reserved 1056768K
  class space    used 553K, capacity 616K, committed 640K, reserved 1048576K
Event: 4.556 GC heap after
Heap after GC invocations=2 (full 0):
 PSYoungGen      total 38400K, used 5103K [0x00000000eab00000, 0x00000000ed580000, 0x0000000100000000)
  eden space 33280K, 0% used [0x00000000eab00000,0x00000000eab00000,0x00000000ecb80000)
  from space 5120K, 99% used [0x00000000ed080000,0x00000000ed57bfa0,0x00000000ed580000)
  to   space 5120K, 0% used [0x00000000ecb80000,0x00000000ecb80000,0x00000000ed080000)
 ParOldGen       total 87552K, used 5128K [0x00000000c0000000, 0x00000000c5580000, 0x00000000eab00000)
  object space 87552K, 5% used [0x00000000c0000000,0x00000000c0502100,0x00000000c5580000)
 Metaspace       used 5671K, capacity 6960K, committed 7040K, reserved 1056768K
  class space    used 553K, capacity 616K, committed 640K, reserved 1048576K
}
Event: 4.800 GC heap before
{Heap before GC invocations=3 (full 0):
 PSYoungGen      total 38400K, used 38383K [0x00000000eab00000, 0x00000000ed580000, 0x0000000100000000)
  eden space 33280K, 100% used [0x00000000eab00000,0x00000000ecb80000,0x00000000ecb80000)
  from space 5120K, 99% used [0x00000000ed080000,0x00000000ed57bfa0,0x00000000ed580000)
  to   space 5120K, 0% used [0x00000000ecb80000,0x00000000ecb80000,0x00000000ed080000)
 ParOldGen       total 87552K, used 5128K [0x00000000c0000000, 0x00000000c5580000, 0x00000000eab00000)
  object space 87552K, 5% used [0x00000000c0000000,0x00000000c0502100,0x00000000c5580000)
 Metaspace       used 5683K, capacity 6960K, committed 7040K, reserved 1056768K
  class space    used 553K, capacity 616K, committed 640K, reserved 1048576K
Event: 4.827 GC heap after
Heap after GC invocations=3 (full 0):
 PSYoungGen      total 38400K, used 5118K [0x00000000eab00000, 0x00000000ef600000, 0x0000000100000000)
  eden space 33280K, 0% used [0x00000000eab00000,0x00000000eab00000,0x00000000ecb80000)
  from space 5120K, 99% used [0x00000000ecb80000,0x00000000ed07f9a0,0x00000000ed080000)
  to   space 5120K, 0% used [0x00000000ef100000,0x00000000ef100000,0x00000000ef600000)
 ParOldGen       total 87552K, used 8973K [0x00000000c0000000, 0x00000000c5580000, 0x00000000eab00000)
  object space 87552K, 10% used [0x00000000c0000000,0x00000000c08c3658,0x00000000c5580000)
 Metaspace       used 5683K, capacity 6960K, committed 7040K, reserved 1056768K
  class space    used 553K, capacity 616K, committed 640K, reserved 1048576K
}

Deoptimization events (10 events):
Event: 4.434 Thread 0x000000000289d800 Uncommon trap: reason=unstable_if action=reinterpret pc=0x0000000002ea52b4 method=com.android.dx.ssa.LiteralOpUpgrader$1.visitNonMoveInsn(Lcom/android/dx/ssa/NormalSsaInsn;)V @ 151
Event: 4.510 Thread 0x000000000289d800 Uncommon trap: reason=bimorphic action=maybe_recompile pc=0x000000000301abf4 method=com.android.dx.cf.code.Merger.mergeType(Lcom/android/dx/rop/type/TypeBearer;Lcom/android/dx/rop/type/TypeBearer;)Lcom/android/dx/rop/type/TypeBearer; @ 6
Event: 4.510 Thread 0x000000000289d800 Uncommon trap: reason=bimorphic action=maybe_recompile pc=0x000000000301abf4 method=com.android.dx.cf.code.Merger.mergeType(Lcom/android/dx/rop/type/TypeBearer;Lcom/android/dx/rop/type/TypeBearer;)Lcom/android/dx/rop/type/TypeBearer; @ 6
Event: 4.510 Thread 0x000000000289d800 Uncommon trap: reason=bimorphic action=maybe_recompile pc=0x000000000301abf4 method=com.android.dx.cf.code.Merger.mergeType(Lcom/android/dx/rop/type/TypeBearer;Lcom/android/dx/rop/type/TypeBearer;)Lcom/android/dx/rop/type/TypeBearer; @ 6
Event: 4.510 Thread 0x000000000289d800 Uncommon trap: reason=bimorphic action=maybe_recompile pc=0x000000000301abf4 method=com.android.dx.cf.code.Merger.mergeType(Lcom/android/dx/rop/type/TypeBearer;Lcom/android/dx/rop/type/TypeBearer;)Lcom/android/dx/rop/type/TypeBearer; @ 6
Event: 4.515 Thread 0x000000000289d800 Uncommon trap: reason=unstable_if action=reinterpret pc=0x0000000002eac7e8 method=com.android.dx.rop.code.RegisterSpecSet.localItemToSpec(Lcom/android/dx/rop/code/LocalItem;)Lcom/android/dx/rop/code/RegisterSpec; @ 35
Event: 4.520 Thread 0x000000000289d800 Uncommon trap: reason=unstable_if action=reinterpret pc=0x000000000303af14 method=com.android.dx.cf.code.Merger.mergeType(Lcom/android/dx/rop/type/TypeBearer;Lcom/android/dx/rop/type/TypeBearer;)Lcom/android/dx/rop/type/TypeBearer; @ 59
Event: 4.533 Thread 0x000000000289d800 Uncommon trap: reason=unstable_if action=reinterpret pc=0x0000000002fd9500 method=com.android.dx.rop.code.RegisterSpecSet.localItemToSpec(Lcom/android/dx/rop/code/LocalItem;)Lcom/android/dx/rop/code/RegisterSpec; @ 35
Event: 4.583 Thread 0x000000000289d800 Uncommon trap: reason=bimorphic action=maybe_recompile pc=0x0000000002e8e5c4 method=com.android.dx.ssa.LiteralOpUpgrader.tryReplacingWithConstant(Lcom/android/dx/ssa/NormalSsaInsn;)Z @ 52
Event: 4.779 Thread 0x000000000289d800 Uncommon trap: reason=unstable_if action=reinterpret pc=0x0000000002fc34bc method=com.android.dx.ssa.back.IdenticalBlockCombiner.process()Lcom/android/dx/rop/code/RopMethod; @ 27

Internal exceptions (5 events):
Event: 0.057 Thread 0x000000000289d800 Exception <a 'java/lang/NoSuchMethodError': Method sun.misc.Unsafe.defineClass(Ljava/lang/String;[BII)Ljava/lang/Class; name or signature does not match> (0x00000000eab12f30) thrown at [C:\re\workspace\8-2-build-windows-amd64-cygwin\jdk8u51\3951\hotspot\sr<.Ž‡­?
Event: 0.057 Thread 0x000000000289d800 Exception <a 'java/lang/NoSuchMethodError': Method sun.misc.Unsafe.prefetchRead(Ljava/lang/Object;J)V name or signature does not match> (0x00000000eab131c0) thrown at [C:\re\workspace\8-2-build-windows-amd64-cygwin\jdk8u51\3951\hotspot\src\share\vm\prims\jS`Wk}@
Event: 2.186 Thread 0x000000000289d800 Implicit null exception at 0x0000000002e454c4 to 0x0000000002e46109
Event: 4.378 Thread 0x000000000289d800 Implicit null exception at 0x0000000002fd3312 to 0x0000000002fd3621
Event: 4.378 Thread 0x000000000289d800 Implicit null exception at 0x0000000002e4de62 to 0x0000000002e4df55

Events (10 events):
Event: 4.726 Thread 0x000000000289d800 DEOPT UNPACKING pc=0x00000000029e787f sp=0x00000000027adbd8 mode 0
Event: 4.770 Thread 0x000000000289d800 DEOPT PACKING pc=0x0000000002eea328 sp=0x00000000027ae030
Event: 4.770 Thread 0x000000000289d800 DEOPT UNPACKING pc=0x00000000029e787f sp=0x00000000027add98 mode 0
Event: 4.777 Thread 0x000000000289d800 DEOPT PACKING pc=0x000000000307ba97 sp=0x00000000027adfe0
Event: 4.777 Thread 0x000000000289d800 DEOPT UNPACKING pc=0x00000000029e787f sp=0x00000000027add98 mode 0
Event: 4.779 Thread 0x000000000289d800 Uncommon trap: trap_request=0xffffff65 fr.pc=0x0000000002fc34bc
Event: 4.779 Thread 0x000000000289d800 DEOPT PACKING pc=0x0000000002fc34bc sp=0x00000000027ae070
Event: 4.779 Thread 0x000000000289d800 DEOPT UNPACKING pc=0x00000000029e582a sp=0x00000000027ae018 mode 2
Event: 4.800 Executing VM operation: ParallelGCFailedAllocation
Event: 4.827 Executing VM operation: ParallelGCFailedAllocation done


Dynamic libraries:
0x00007ff7031f0000 - 0x00007ff703227000 	C:\Program Files\Java\jdk1.8.0_51\bin\java.exe
0x00007ffa40860000 - 0x00007ffa40a21000 	C:\WINDOWS\SYSTEM32\ntdll.dll
0x00007ffa3fd90000 - 0x00007ffa3fe3d000 	C:\WINDOWS\system32\KERNEL32.DLL
0x00007ffa3d720000 - 0x00007ffa3d908000 	C:\WINDOWS\system32\KERNELBASE.dll
0x00007ffa3e110000 - 0x00007ffa3e1b7000 	C:\WINDOWS\system32\ADVAPI32.dll
0x00007ffa406f0000 - 0x00007ffa4078d000 	C:\WINDOWS\system32\msvcrt.dll
0x00007ffa40180000 - 0x00007ffa401db000 	C:\WINDOWS\system32\sechost.dll
0x00007ffa3e1c0000 - 0x00007ffa3e2dc000 	C:\WINDOWS\system32\RPCRT4.dll
0x00007ffa40240000 - 0x00007ffa40396000 	C:\WINDOWS\system32\USER32.dll
0x00007ffa3fff0000 - 0x00007ffa40176000 	C:\WINDOWS\system32\GDI32.dll
0x00007ffa308c0000 - 0x00007ffa30b34000 	C:\WINDOWS\WinSxS\amd64_microsoft.windows.common-controls_6595b64144ccf1df_6.0.10586.0_none_8c15ae12515e1c22\COMCTL32.dll
0x00007ffa3faa0000 - 0x00007ffa3fd1d000 	C:\WINDOWS\system32\combase.dll
0x00007ffa3cfa0000 - 0x00007ffa3d00a000 	C:\WINDOWS\system32\bcryptPrimitives.dll
0x00007ffa3ffa0000 - 0x00007ffa3ffdb000 	C:\WINDOWS\system32\IMM32.DLL
0x00000000679f0000 - 0x0000000067ac2000 	C:\Program Files\Java\jdk1.8.0_51\jre\bin\msvcr100.dll
0x0000000067160000 - 0x00000000679e3000 	C:\Program Files\Java\jdk1.8.0_51\jre\bin\server\jvm.dll
0x00007ffa3ffe0000 - 0x00007ffa3ffe8000 	C:\WINDOWS\system32\PSAPI.DLL
0x00007ffa2f090000 - 0x00007ffa2f099000 	C:\WINDOWS\SYSTEM32\WSOCK32.dll
0x00007ffa407f0000 - 0x00007ffa4085b000 	C:\WINDOWS\system32\WS2_32.dll
0x00007ffa3b4d0000 - 0x00007ffa3b4f3000 	C:\WINDOWS\SYSTEM32\WINMM.dll
0x00007ffa30030000 - 0x00007ffa3003a000 	C:\WINDOWS\SYSTEM32\VERSION.dll
0x0000000000a30000 - 0x0000000000a5c000 	C:\WINDOWS\SYSTEM32\WINMMBASE.dll
0x00007ffa3da20000 - 0x00007ffa3da63000 	C:\WINDOWS\system32\cfgmgr32.dll
0x0000000067150000 - 0x000000006715f000 	C:\Program Files\Java\jdk1.8.0_51\jre\bin\verify.dll
0x0000000067120000 - 0x0000000067149000 	C:\Program Files\Java\jdk1.8.0_51\jre\bin\java.dll
0x0000000067100000 - 0x0000000067116000 	C:\Program Files\Java\jdk1.8.0_51\jre\bin\zip.dll
0x00007ffa3e2e0000 - 0x00007ffa3f83c000 	C:\WINDOWS\system32\SHELL32.dll
0x00007ffa3d0d0000 - 0x00007ffa3d714000 	C:\WINDOWS\system32\windows.storage.dll
0x00007ffa3e0b0000 - 0x00007ffa3e102000 	C:\WINDOWS\system32\shlwapi.dll
0x00007ffa3cea0000 - 0x00007ffa3ceaf000 	C:\WINDOWS\system32\kernel.appcore.dll
0x00007ffa3d010000 - 0x00007ffa3d0c5000 	C:\WINDOWS\system32\shcore.dll
0x00007ffa3cec0000 - 0x00007ffa3cf0b000 	C:\WINDOWS\system32\powrprof.dll
0x00007ffa3ce80000 - 0x00007ffa3ce94000 	C:\WINDOWS\system32\profapi.dll
0x00007ffa1ba00000 - 0x00007ffa1bb8c000 	C:\WINDOWS\SYSTEM32\dbghelp.dll

VM Arguments:
jvm_args: -Djava.awt.headless=true -Xmx1024M -Dfile.encoding=windows-1251 -Duser.country=RU -Duser.language=ru -Duser.variant 
java_command: com.android.dx.command.Main --dex --force-jumbo --multi-dex --output D:\Android_Projects\Sunshine-Version-2-1.01_hello_world\app\build\intermediates\transforms\dex\debug\folders\1000\5\slice_2 D:\Android_Projects\Sunshine-Version-2-1.01_hello_world\app\build\intermediates\transforms\instantRunSlicer\debug\folders\1\5\slice_2
java_class_path (initial): C:\Users\Wald\AppData\Local\Android\sdk\build-tools\21.1.2\lib\dx.jar
Launcher Type: SUN_STANDARD

Environment Variables:
JAVA_HOME=C:\NVPACK\jdk1.7.0_71
PATH=C:\ProgramData\Oracle\Java\javapath;C:\WINDOWS\system32;C:\WINDOWS;C:\WINDOWS\System32\Wbem;C:\WINDOWS\System32\WindowsPowerShell\v1.0\;C:\Program Files (x86)\ATI Technologies\ATI.ACE\Core-Static;C:\Program Files (x86)\AMD\ATI.ACE\Core-Static;C:\Program Files\Java\jdk1.8.0_51;C:\adb;C:\Program Files (x86)\Skype\Phone\;C:\WINDOWS\system32;C:\WINDOWS;C:\WINDOWS\System32\Wbem;C:\WINDOWS\System32\WindowsPowerShell\v1.0\;C:\Users\Wald\AppData\Local\Android\sdk\platform-tools;C:\Users\Wald\AppData\Local\Android\sdk\platform;C:\Users\Wald\AppData\Local\Android\sdk1\platform-tools;C:\Users\Wald\AppData\Local\Android\sdk1\platform;C:\Users\Wald\AppData\Local\Android\sdk;C:\Program Files (x86)\GtkSharp\2.12\bin;C:\NVPACK\gradle-2.2.1\bin;C:\NVPACK\apache-ant-1.8.2\bin;C:\NVPACK\jdk1.7.0_71\bin;C:\NVPACK\android-ndk-r11c;C:\NVPACK\android-sdk-windows\build-tools;C:\NVPACK\android-sdk-windows\platform-tools;C:\NVPACK\android-sdk-windows\tools;C:\NVPACK\android-sdk-windows\extras\android\support;C:\Program Files\Java\jdk1.8.0_51
USERNAME=Wald
OS=Windows_NT
PROCESSOR_IDENTIFIER=Intel64 Family 6 Model 69 Stepping 1, GenuineIntel



---------------  S Y S T E M  ---------------

OS: Windows 10.0 , 64 bit Build 10586 (10.0.10586.0)

CPU:total 4 (2 cores per cpu, 2 threads per core) family 6 model 69 stepping 1, cmov, cx8, fxsr, mmx, sse, sse2, sse3, ssse3, sse4.1, sse4.2, popcnt, avx, avx2, aes, clmul, erms, lzcnt, ht, tsc, tscinvbit, bmi1, bmi2

Memory: 4k page, physical 8274284k(1133136k free), swap 8274284k(888k free)

vm_info: Java HotSpot(TM) 64-Bit Server VM (25.51-b03) for windows-amd64 JRE (1.8.0_51-b16), built on Jun  8 2015 18:03:07 by "java_re" with MS VC++ 10.0 (VS2010)

time: Fri Nov 04 15:07:35 2016
elapsed time: 5 seconds (0d 0h 0m 5s)

