#
# There is insufficient memory for the Java Runtime Environment to continue.
# Native memory allocation (malloc) failed to allocate 1048576 bytes for AllocateHeap
# Possible reasons:
#   The system is out of physical RAM or swap space
#   In 32 bit mode, the process size limit was hit
# Possible solutions:
#   Reduce memory load on the system
#   Increase physical memory or swap space
#   Check if swap backing store is full
#   Use 64 bit Java on a 64 bit OS
#   Decrease Java heap size (-Xmx/-Xms)
#   Decrease number of Java threads
#   Decrease Java thread stack sizes (-Xss)
#   Set larger code cache with -XX:ReservedCodeCacheSize=
# This output file may be truncated or incomplete.
#
#  Out of Memory Error (memory/allocation.inline.hpp:61), pid=6964, tid=10792
#
# JRE version:  (8.0_51-b16) (build )
# Java VM: Java HotSpot(TM) 64-Bit Server VM (25.51-b03 mixed mode windows-amd64 compressed oops)
# Failed to write core dump. Minidumps are not enabled by default on client versions of Windows
#

---------------  T H R E A D  ---------------

Current thread (0x00000000022cd800):  JavaThread "Unknown thread" [_thread_in_vm, id=10792, stack(0x00000000021a0000,0x00000000022a0000)]

Stack: [0x00000000021a0000,0x00000000022a0000]
Native frames: (J=compiled Java code, j=interpreted, Vv=VM code, C=native code)
V  [jvm.dll+0x32b4ca]
V  [jvm.dll+0x2797e3]
V  [jvm.dll+0x27a479]
V  [jvm.dll+0x271765]
V  [jvm.dll+0x1606]
V  [jvm.dll+0x3f7dd2]
V  [jvm.dll+0x3f876f]
V  [jvm.dll+0x3f883d]
V  [jvm.dll+0x3f8a06]
V  [jvm.dll+0xf2c22]
V  [jvm.dll+0x20f0a9]
V  [jvm.dll+0x240d2a]
V  [jvm.dll+0x15b9a1]
C  [java.exe+0x216e]
C  [java.exe+0xcd07]
C  [java.exe+0xcd9b]
C  [KERNEL32.DLL+0x18102]
C  [ntdll.dll+0x5c5b4]


---------------  P R O C E S S  ---------------

Java Threads: ( => current thread )

Other Threads:

=>0x00000000022cd800 (exited) JavaThread "Unknown thread" [_thread_in_vm, id=10792, stack(0x00000000021a0000,0x00000000022a0000)]

VM state:not at safepoint (normal execution)

VM Mutex/Monitor currently owned by a thread: None

Heap:
 PSYoungGen      total 38400K, used 665K [0x00000000eab00000, 0x00000000ed580000, 0x0000000100000000)
  eden space 33280K, 2% used [0x00000000eab00000,0x00000000eaba6670,0x00000000ecb80000)
  from space 5120K, 0% used [0x00000000ed080000,0x00000000ed080000,0x00000000ed580000)
  to   space 5120K, 0% used [0x00000000ecb80000,0x00000000ecb80000,0x00000000ed080000)
 ParOldGen       total 87552K, used 0K [0x00000000c0000000, 0x00000000c5580000, 0x00000000eab00000)
  object space 87552K, 0% used [0x00000000c0000000,0x00000000c0000000,0x00000000c5580000)
 Metaspace       used 766K, capacity 4480K, committed 4480K, reserved 1056768K
  class space    used 75K, capacity 384K, committed 384K, reserved 1048576K

Card table byte_map: [0x0000000011790000,0x00000000119a0000] byte_map_base: 0x0000000011190000

Marking Bits: (ParMarkBitMap*) 0x0000000067964040
 Begin Bits: [0x0000000011f00000, 0x0000000012f00000)
 End Bits:   [0x0000000012f00000, 0x0000000013f00000)

Polling page: 0x00000000003f0000

CodeCache: size=245760Kb used=328Kb max_used=328Kb free=245431Kb
 bounds [0x00000000023d0000, 0x0000000002640000, 0x00000000113d0000]
 total_blobs=57 nmethods=0 adapters=37
 compilation: enabled

Compilation events (0 events):
No events

GC Heap History (0 events):
No events

Deoptimization events (0 events):
No events

Internal exceptions (0 events):
No events

Events (10 events):
Event: 0.070 loading class java/lang/Short
Event: 0.070 loading class java/lang/Short done
Event: 0.070 loading class java/lang/Integer
Event: 0.071 loading class java/lang/Integer done
Event: 0.071 loading class java/lang/Long
Event: 0.071 loading class java/lang/Long done
Event: 0.071 loading class java/lang/NullPointerException
Event: 0.072 loading class java/lang/NullPointerException done
Event: 0.072 loading class java/lang/ArithmeticException
Event: 0.072 loading class java/lang/ArithmeticException done


Dynamic libraries:
0x00007ff7031f0000 - 0x00007ff703227000 	C:\Program Files\Java\jdk1.8.0_51\bin\java.exe
0x00007ffa40860000 - 0x00007ffa40a21000 	C:\WINDOWS\SYSTEM32\ntdll.dll
0x00007ffa3fd90000 - 0x00007ffa3fe3d000 	C:\WINDOWS\system32\KERNEL32.DLL
0x00007ffa3d720000 - 0x00007ffa3d908000 	C:\WINDOWS\system32\KERNELBASE.dll
0x00007ffa3e110000 - 0x00007ffa3e1b7000 	C:\WINDOWS\system32\ADVAPI32.dll
0x00007ffa406f0000 - 0x00007ffa4078d000 	C:\WINDOWS\system32\msvcrt.dll
0x00007ffa40180000 - 0x00007ffa401db000 	C:\WINDOWS\system32\sechost.dll
0x00007ffa3e1c0000 - 0x00007ffa3e2dc000 	C:\WINDOWS\system32\RPCRT4.dll
0x00007ffa40240000 - 0x00007ffa40396000 	C:\WINDOWS\system32\USER32.dll
0x00007ffa3fff0000 - 0x00007ffa40176000 	C:\WINDOWS\system32\GDI32.dll
0x00007ffa308c0000 - 0x00007ffa30b34000 	C:\WINDOWS\WinSxS\amd64_microsoft.windows.common-controls_6595b64144ccf1df_6.0.10586.0_none_8c15ae12515e1c22\COMCTL32.dll
0x00007ffa3faa0000 - 0x00007ffa3fd1d000 	C:\WINDOWS\system32\combase.dll
0x00007ffa3cfa0000 - 0x00007ffa3d00a000 	C:\WINDOWS\system32\bcryptPrimitives.dll
0x00007ffa3ffa0000 - 0x00007ffa3ffdb000 	C:\WINDOWS\system32\IMM32.DLL
0x00000000679f0000 - 0x0000000067ac2000 	C:\Program Files\Java\jdk1.8.0_51\jre\bin\msvcr100.dll
0x0000000067160000 - 0x00000000679e3000 	C:\Program Files\Java\jdk1.8.0_51\jre\bin\server\jvm.dll
0x00007ffa3ffe0000 - 0x00007ffa3ffe8000 	C:\WINDOWS\system32\PSAPI.DLL
0x00007ffa2f090000 - 0x00007ffa2f099000 	C:\WINDOWS\SYSTEM32\WSOCK32.dll
0x00007ffa407f0000 - 0x00007ffa4085b000 	C:\WINDOWS\system32\WS2_32.dll
0x00007ffa3b4d0000 - 0x00007ffa3b4f3000 	C:\WINDOWS\SYSTEM32\WINMM.dll
0x00007ffa30030000 - 0x00007ffa3003a000 	C:\WINDOWS\SYSTEM32\VERSION.dll
0x00007ffa3b440000 - 0x00007ffa3b46c000 	C:\WINDOWS\SYSTEM32\WINMMBASE.dll
0x00007ffa3da20000 - 0x00007ffa3da63000 	C:\WINDOWS\system32\cfgmgr32.dll
0x0000000067150000 - 0x000000006715f000 	C:\Program Files\Java\jdk1.8.0_51\jre\bin\verify.dll
0x0000000067120000 - 0x0000000067149000 	C:\Program Files\Java\jdk1.8.0_51\jre\bin\java.dll
0x0000000067100000 - 0x0000000067116000 	C:\Program Files\Java\jdk1.8.0_51\jre\bin\zip.dll
0x00007ffa1ba00000 - 0x00007ffa1bb8c000 	C:\WINDOWS\SYSTEM32\dbghelp.dll

VM Arguments:
jvm_args: -Djava.awt.headless=true -Xmx1024M -Dfile.encoding=windows-1251 -Duser.country=RU -Duser.language=ru -Duser.variant 
java_command: com.android.dx.command.Main --dex --force-jumbo --multi-dex --output D:\Android_Projects\Sunshine-Version-2-1.01_hello_world\app\build\intermediates\transforms\dex\debug\folders\1000\5\slice_0 D:\Android_Projects\Sunshine-Version-2-1.01_hello_world\app\build\intermediates\transforms\instantRunSlicer\debug\folders\1\5\slice_0
java_class_path (initial): C:\Users\Wald\AppData\Local\Android\sdk\build-tools\21.1.2\lib\dx.jar
Launcher Type: SUN_STANDARD

Environment Variables:
JAVA_HOME=C:\NVPACK\jdk1.7.0_71
PATH=C:\ProgramData\Oracle\Java\javapath;C:\WINDOWS\system32;C:\WINDOWS;C:\WINDOWS\System32\Wbem;C:\WINDOWS\System32\WindowsPowerShell\v1.0\;C:\Program Files (x86)\ATI Technologies\ATI.ACE\Core-Static;C:\Program Files (x86)\AMD\ATI.ACE\Core-Static;C:\Program Files\Java\jdk1.8.0_51;C:\adb;C:\Program Files (x86)\Skype\Phone\;C:\WINDOWS\system32;C:\WINDOWS;C:\WINDOWS\System32\Wbem;C:\WINDOWS\System32\WindowsPowerShell\v1.0\;C:\Users\Wald\AppData\Local\Android\sdk\platform-tools;C:\Users\Wald\AppData\Local\Android\sdk\platform;C:\Users\Wald\AppData\Local\Android\sdk1\platform-tools;C:\Users\Wald\AppData\Local\Android\sdk1\platform;C:\Users\Wald\AppData\Local\Android\sdk;C:\Program Files (x86)\GtkSharp\2.12\bin;C:\NVPACK\gradle-2.2.1\bin;C:\NVPACK\apache-ant-1.8.2\bin;C:\NVPACK\jdk1.7.0_71\bin;C:\NVPACK\android-ndk-r11c;C:\NVPACK\android-sdk-windows\build-tools;C:\NVPACK\android-sdk-windows\platform-tools;C:\NVPACK\android-sdk-windows\tools;C:\NVPACK\android-sdk-windows\extras\android\support;C:\Program Files\Java\jdk1.8.0_51
USERNAME=Wald
OS=Windows_NT
PROCESSOR_IDENTIFIER=Intel64 Family 6 Model 69 Stepping 1, GenuineIntel



---------------  S Y S T E M  ---------------

OS: Windows 10.0 , 64 bit Build 10586 (10.0.10586.0)

CPU:total 4 (2 cores per cpu, 2 threads per core) family 6 model 69 stepping 1, cmov, cx8, fxsr, mmx, sse, sse2, sse3, ssse3, sse4.1, sse4.2, popcnt, avx, avx2, aes, clmul, erms, lzcnt, ht, tsc, tscinvbit, bmi1, bmi2

Memory: 4k page, physical 8274284k(1154744k free), swap 8274284k(4760k free)

vm_info: Java HotSpot(TM) 64-Bit Server VM (25.51-b03) for windows-amd64 JRE (1.8.0_51-b16), built on Jun  8 2015 18:03:07 by "java_re" with MS VC++ 10.0 (VS2010)

time: Fri Nov 04 15:32:46 2016
elapsed time: 0 seconds (0d 0h 0m 0s)

