JvmtiExport can_access_local_variables 0
JvmtiExport can_hotswap_or_post_breakpoint 0
JvmtiExport can_post_on_exceptions 0
# 128 ciObject found
ciMethod java/lang/Object <init> ()V 4097 1 2395 0 -1
ciMethod java/lang/String <init> ([CII)V 4097 1 840 0 -1
ciMethod java/lang/AbstractStringBuilder <init> (I)V 1185 1 148 0 -1
ciMethod java/lang/AbstractStringBuilder append (Ljava/lang/String;)Ljava/lang/AbstractStringBuilder; 2233 1 279 0 -1
ciMethod java/lang/AbstractStringBuilder append (I)Ljava/lang/AbstractStringBuilder; 0 0 1 0 -1
ciMethod java/lang/StringBuilder <init> ()V 857 1 107 0 -1
ciMethod java/lang/StringBuilder append (Ljava/lang/String;)Ljava/lang/StringBuilder; 1921 1 240 0 -1
ciMethod java/lang/StringBuilder append (I)Ljava/lang/StringBuilder; 0 0 1 0 -1
ciMethod java/lang/StringBuilder toString ()Ljava/lang/String; 945 1 118 0 -1
ciMethodData java/lang/Object <init> ()V 2 2395 orig 264 136 112 115 103 0 0 0 0 136 4 164 20 0 0 0 0 32 1 0 0 0 0 0 0 0 0 0 0 0 0 0 0 0 0 0 0 0 0 0 0 0 0 0 0 0 0 0 0 0 0 0 0 0 0 0 0 0 0 0 0 0 0 0 0 0 0 0 0 0 0 0 0 0 0 0 0 0 0 0 0 77 68 79 32 101 120 116 114 97 32 100 97 116 97 32 108 111 99 107 0 0 0 0 0 0 0 0 0 0 0 0 0 0 0 0 0 0 0 0 0 0 0 0 0 0 0 0 0 0 0 0 0 0 0 0 0 0 0 0 0 0 0 0 0 0 0 0 0 0 0 0 0 0 0 0 0 0 0 0 0 0 0 0 0 0 0 0 0 0 0 0 0 0 0 0 0 0 0 0 0 0 0 0 0 0 0 0 0 0 0 0 0 0 0 0 0 0 0 0 0 0 0 0 0 0 0 0 0 0 0 0 0 0 0 0 0 0 2 0 0 217 58 0 0 1 0 0 0 0 0 0 0 0 0 0 0 2 0 0 0 0 0 3 0 1 0 0 0 0 0 0 0 255 255 255 255 0 0 0 0 0 0 0 0 data 0 oops 0
ciMethod java/io/DataInput readFully ([BII)V 0 0 1 0 -1
ciMethod java/io/DataInput readUnsignedShort ()I 0 0 1 0 -1
ciMethod java/io/DataInputStream readFully ([BII)V 3649 3649 452 0 -1
ciMethod java/io/DataInputStream readUnsignedShort ()I 3489 1 432 0 -1
ciMethod java/io/DataInputStream readUTF (Ljava/io/DataInput;)Ljava/lang/String; 1969 32769 411 0 -1
ciMethodData java/lang/String <init> ([CII)V 1 841 orig 264 136 112 115 103 0 0 0 0 64 49 164 20 0 0 0 0 16 2 0 0 144 0 0 0 0 0 0 0 0 0 0 0 0 0 0 0 0 0 0 0 0 0 0 0 0 0 0 0 0 0 0 0 0 0 0 0 0 0 0 0 0 0 0 0 0 0 0 0 0 0 0 0 0 0 0 0 0 0 0 0 77 68 79 32 101 120 116 114 97 32 100 97 116 97 32 108 111 99 107 0 0 0 0 0 0 0 0 0 0 0 0 0 0 0 0 0 0 0 0 0 0 0 0 0 0 0 0 0 0 0 0 0 0 0 0 0 0 0 0 0 0 0 0 0 0 0 0 0 0 0 0 0 0 0 0 0 0 0 0 0 0 0 0 0 0 0 0 0 0 0 0 0 0 0 0 0 0 0 0 0 0 0 0 0 0 0 0 0 0 0 0 0 0 0 0 0 0 0 0 0 0 0 0 0 0 0 0 0 0 0 0 0 0 0 0 0 0 2 0 0 73 10 0 0 1 0 0 0 0 0 0 0 0 0 0 0 2 0 0 0 0 0 0 0 0 0 0 0 176 0 0 0 255 255 255 255 2 0 1 0 0 0 0 0 data 22 0x10002 0x149 0x50007 0x149 0x30 0x0 0xd0002 0x0 0x120007 0x149 0x30 0x0 0x1a0002 0x0 0x230007 0x149 0x30 0x0 0x2d0002 0x0 0x370002 0x149 oops 0
ciMethodData java/io/DataInputStream readUTF (Ljava/io/DataInput;)Ljava/lang/String; 1 6248 orig 264 136 112 115 103 0 0 0 0 200 81 199 20 0 0 0 0 40 7 0 0 112 1 0 0 0 0 0 0 0 0 0 0 0 0 0 0 0 0 0 0 0 0 0 0 0 0 0 0 0 0 0 0 0 0 0 0 0 0 0 0 0 0 0 0 0 0 0 0 0 0 0 0 0 0 0 0 0 0 0 0 77 68 79 32 101 120 116 114 97 32 100 97 116 97 32 108 111 99 107 0 0 0 0 0 0 0 0 0 0 0 0 0 0 0 0 0 0 0 0 0 0 0 0 0 0 0 0 0 0 0 0 0 0 0 0 0 0 0 0 0 0 0 0 0 0 0 0 0 0 0 0 0 0 0 0 0 0 0 0 0 0 0 0 0 0 0 0 0 0 0 0 0 0 0 0 0 0 0 0 0 0 0 0 0 0 0 0 0 0 0 0 0 0 0 0 0 0 0 0 0 0 0 0 0 0 0 0 0 0 0 0 0 0 0 0 0 0 16 0 0 57 5 0 0 153 66 0 0 0 0 0 0 0 0 0 0 2 0 0 0 0 0 0 0 0 0 0 0 224 5 0 0 255 255 255 255 5 0 1 0 0 0 0 0 data 188 0x10005 0x0 0x154110b0 0xa7 0x0 0x0 0xc0004 0x0 0x154110b0 0xa7 0x0 0x0 0xf0007 0x0 0x88 0xa7 0x130004 0x0 0x154110b0 0xa7 0x0 0x0 0x1f0007 0xa7 0x20 0x0 0x420003 0xa7 0x18 0x570005 0x0 0x154110b0 0xa7 0x0 0x0 0x5f0007 0xa6 0x70 0x84b 0x700007 0x84b 0x38 0x0 0x730003 0x0 0x30 0x830003 0x84b 0xffffffffffffffa8 0x890007 0xa6 0x448 0x0 0x9a0008 0x20 0x0 0x378 0x0 0x110 0x0 0x110 0x0 0x110 0x0 0x110 0x0 0x110 0x0 0x110 0x0 0x110 0x0 0x110 0x0 0x378 0x0 0x378 0x0 0x378 0x0 0x378 0x0 0x128 0x0 0x128 0x0 0x240 0xf10003 0x0 0xfffffffffffffed0 0xfa0007 0x0 0x30 0x0 0x1030002 0x0 0x1180007 0x0 0xd0 0x0 0x1230002 0x0 0x1280005 0x0 0x0 0x0 0x0 0x0 0x12d0005 0x0 0x0 0x0 0x0 0x0 0x1300005 0x0 0x0 0x0 0x0 0x0 0x1330002 0x0 0x14d0003 0x0 0xfffffffffffffdb8 0x1560007 0x0 0x30 0x0 0x15f0002 0x0 0x17c0007 0x0 0x40 0x0 0x1880007 0x0 0xd0 0x0 0x1930002 0x0 0x1980005 0x0 0x0 0x0 0x0 0x0 0x19f0005 0x0 0x0 0x0 0x0 0x0 0x1a20005 0x0 0x0 0x0 0x0 0x0 0x1a50002 0x0 0x1ca0003 0x0 0xfffffffffffffc80 0x1d50002 0x0 0x1da0005 0x0 0x0 0x0 0x0 0x0 0x1df0005 0x0 0x0 0x0 0x0 0x0 0x1e20005 0x0 0x0 0x0 0x0 0x0 0x1e50002 0x0 0x1f10002 0xa6 oops 4